<?xml version="1.0" encoding="UTF-8"?>
<testsuite xmlns:xsi="http://www.w3.org/2001/XMLSchema-instance" xsi:noNamespaceSchemaLocation="https://maven.apache.org/surefire/maven-surefire-plugin/xsd/surefire-test-report-3.0.xsd" version="3.0" name="com.app.DiagramCollaborationIntegrationTest" time="8.066" tests="2" errors="0" skipped="0" failures="0">
  <properties>
[...]
</properties>
  <testcase name="testAtomicMutationsAndPersistence" classname="com.app.DiagramCollaborationIntegrationTest" time="1.143">
    <system-out><![CDATA[2026-09-21T21:04:37.323-04:00  INFO 12628 --- [           main] t.c.s.AnnotationConfigContextLoaderUtils : Could not detect default configuration classes for test class [com.app.DiagramCollaborationIntegrationTest]: DiagramCollaborationIntegrationTest does not declare any static, non-private, non-final, nested classes annotated with @Configuration.
2026-09-21T21:04:37.352-04:00  INFO 12628 --- [           main] .b.t.c.SpringBootTestContextBootstrapper : Found @SpringBootConfiguration com.app.CaseUmlStudioApplication for test class com.app.DiagramCollaborationIntegrationTest

  .   ____          _            __ _ _
 /\\ / ___'_ __ _ _(_)_ __  __ _ \ \ \ \
( ( )\___ | '_ | '_| | '_ \/ _` | \ \ \ \
 \\/  ___)| |_)| | | | | || (_| |  ) ) ) )
  '  |____| .__|_| |_|_| |_\__, | / / / /
 =========|_|==============|___/=/_/_/_/

 :: Spring Boot ::                (v3.3.3)

2026-09-21T21:04:37.415-04:00  INFO 12628 --- [           main] c.a.DiagramCollaborationIntegrationTest  : Starting DiagramCollaborationIntegrationTest using Java 17.0.16 with PID 12628 (started by HP in C:\Users\HP\Documents\parcialuno\backend)
2026-09-21T21:04:37.415-04:00  INFO 12628 --- [           main] c.a.DiagramCollaborationIntegrationTest  : No active profile set, falling back to 1 default profile: "default"
2026-09-21T21:04:38.250-04:00  INFO 12628 --- [           main] .s.d.r.c.RepositoryConfigurationDelegate : Bootstrapping Spring Data JPA repositories in DEFAULT mode.
2026-09-21T21:04:38.350-04:00  INFO 12628 --- [           main] .s.d.r.c.RepositoryConfigurationDelegate : Finished Spring Data repository scanning in 85 ms. Found 2 JPA repository interfaces.
2026-09-21T21:04:39.196-04:00  INFO 12628 --- [           main] o.s.b.w.embedded.tomcat.TomcatWebServer  : Tomcat initialized with port 0 (http)
2026-09-21T21:04:39.227-04:00  INFO 12628 --- [           main] o.apache.catalina.core.StandardService   : Starting service [Tomcat]
2026-09-21T21:04:39.228-04:00  INFO 12628 --- [           main] o.apache.catalina.core.StandardEngine    : Starting Servlet engine: [Apache Tomcat/10.1.28]
2026-09-21T21:04:39.352-04:00  INFO 12628 --- [           main] o.a.c.c.C.[Tomcat].[localhost].[/]       : Initializing Spring embedded WebApplicationContext
2026-09-21T21:04:39.353-04:00  INFO 12628 --- [           main] w.s.c.ServletWebServerApplicationContext : Root WebApplicationContext: initialization completed in 1935 ms
2026-09-21T21:04:39.655-04:00  INFO 12628 --- [           main] o.hibernate.jpa.internal.util.LogHelper  : HHH000204: Processing PersistenceUnitInfo [name: default]
2026-09-21T21:04:39.843-04:00  INFO 12628 --- [           main] org.hibernate.Version                    : HHH000412: Hibernate ORM core version 6.5.2.Final
2026-09-21T21:04:39.957-04:00  INFO 12628 --- [           main] o.h.c.internal.RegionFactoryInitiator    : HHH000026: Second-level cache disabled
2026-09-21T21:04:40.246-04:00  INFO 12628 --- [           main] o.s.o.j.p.SpringPersistenceUnitInfo      : No LoadTimeWeaver setup: ignoring JPA class transformer
2026-09-21T21:04:40.302-04:00  INFO 12628 --- [           main] com.zaxxer.hikari.HikariDataSource       : HikariPool-1 - Starting...
2026-09-21T21:04:40.634-04:00  INFO 12628 --- [           main] com.zaxxer.hikari.pool.HikariPool        : HikariPool-1 - Added connection org.postgresql.jdbc.PgConnection@17a756db
2026-09-21T21:04:40.637-04:00  INFO 12628 --- [           main] com.zaxxer.hikari.HikariDataSource       : HikariPool-1 - Start completed.
2026-09-21T21:04:40.699-04:00  WARN 12628 --- [           main] org.hibernate.orm.deprecation            : HHH90000025: PostgreSQLDialect does not need to be specified explicitly using 'hibernate.dialect' (remove the property setting and it will be selected by default)
2026-09-21T21:04:41.780-04:00  INFO 12628 --- [           main] o.h.e.t.j.p.i.JtaPlatformInitiator       : HHH000489: No JTA platform available (set 'hibernate.transaction.jta.platform' to enable JTA platform integration)
Hibernate: alter table if exists diagrams alter column content_json set data type TEXT
2026-09-21T21:04:41.895-04:00  INFO 12628 --- [           main] j.LocalContainerEntityManagerFactoryBean : Initialized JPA EntityManagerFactory for persistence unit 'default'
2026-09-21T21:04:41.900-04:00  INFO 12628 --- [           main] com.app.config.DatabaseMigrationConfig   : [DB_MIGRATION] Columna 'version' verificada/creada en tabla 'diagrams'
2026-09-21T21:04:43.165-04:00  INFO 12628 --- [           main] o.s.b.w.embedded.tomcat.TomcatWebServer  : Tomcat started on port 16154 (http) with context path '/'
2026-09-21T21:04:43.169-04:00  INFO 12628 --- [           main] o.s.m.s.b.SimpleBrokerMessageHandler     : Starting...
2026-09-21T21:04:43.170-04:00  INFO 12628 --- [           main] o.s.m.s.b.SimpleBrokerMessageHandler     : BrokerAvailabilityEvent[available=true, SimpleBrokerMessageHandler [org.springframework.messaging.simp.broker.DefaultSubscriptionRegistry@2b82254b]]
2026-09-21T21:04:43.171-04:00  INFO 12628 --- [           main] o.s.m.s.b.SimpleBrokerMessageHandler     : Started.
2026-09-21T21:04:43.178-04:00  INFO 12628 --- [           main] c.a.DiagramCollaborationIntegrationTest  : Started DiagramCollaborationIntegrationTest in 5.815 seconds (process running for 13.469)
Hibernate: select r1_0.id from rooms r1_0 where upper(r1_0.code)=upper(?) fetch first ? rows only
2026-09-21T21:04:43.464-04:00  INFO 12628 --- [           main] com.app.config.RoomDataInitializer       : [ROOM_INITIALIZER] Sala por defecto '1234' ya existe en PostgreSQL.
Hibernate: insert into diagrams (content_json,created_at,name,version) values (?,?,?,?) returning id
2026-09-21T21:04:43.725-04:00  INFO 12628 --- [o-auto-1-exec-1] o.a.c.c.C.[Tomcat].[localhost].[/]       : Initializing Spring DispatcherServlet 'dispatcherServlet'
2026-09-21T21:04:43.725-04:00  INFO 12628 --- [o-auto-1-exec-1] o.s.web.servlet.DispatcherServlet        : Initializing Servlet 'dispatcherServlet'
2026-09-21T21:04:43.726-04:00  INFO 12628 --- [o-auto-1-exec-1] o.s.web.servlet.DispatcherServlet        : Completed initialization in 1 ms
2026-09-21T21:04:43.847-04:00  INFO 12628 --- [tboundChannel-1] c.app.listener.WebSocketEventListener    : [WS_LIFECYCLE] event=CONNECTED sessionId=ad373953-830b-7a47-bced-0701c70e798b
Hibernate: select r1_0.id,r1_0.code,r1_0.created_at,r1_0.diagram_id,d1_0.id,d1_0.content_json,d1_0.created_at,d1_0.name,d1_0.version,r1_0.name from rooms r1_0 join diagrams d1_0 on d1_0.id=r1_0.diagram_id where r1_0.id=?
2026-09-21T21:04:43.895-04:00  INFO 12628 --- [nboundChannel-7] c.app.controllers.DiagramWsController    : [WS_CONTROLLER] mutation_received id=45 diagramId=45 type=CLASS_CREATED senderId=user-editor-1
Hibernate: select d1_0.id,d1_0.content_json,d1_0.created_at,d1_0.name,d1_0.version from diagrams d1_0 where d1_0.id=?
Hibernate: update diagrams set content_json=?,name=?,version=? where id=?
2026-09-21T21:04:43.926-04:00  INFO 12628 --- [nboundChannel-7] c.app.controllers.DiagramWsController    : [WS_CONTROLLER] mutation_broadcast id=45 diagramId=45 type=CLASS_CREATED senderId=user-editor-1
Hibernate: select d1_0.id,d1_0.content_json,d1_0.created_at,d1_0.name,d1_0.version from diagrams d1_0 where d1_0.id=?
Hibernate: select r1_0.id,r1_0.code,r1_0.created_at,r1_0.diagram_id,d1_0.id,d1_0.content_json,d1_0.created_at,d1_0.name,d1_0.version,r1_0.name from rooms r1_0 join diagrams d1_0 on d1_0.id=r1_0.diagram_id where r1_0.id=?
2026-09-21T21:04:44.166-04:00  INFO 12628 --- [boundChannel-10] c.app.controllers.DiagramWsController    : [WS_CONTROLLER] mutation_received id=45 diagramId=45 type=CLASS_MOVED senderId=user-editor-1
Hibernate: select d1_0.id,d1_0.content_json,d1_0.created_at,d1_0.name,d1_0.version from diagrams d1_0 where d1_0.id=?
Hibernate: update diagrams set content_json=?,name=?,version=? where id=?
2026-09-21T21:04:44.176-04:00  INFO 12628 --- [boundChannel-10] c.app.controllers.DiagramWsController    : [WS_CONTROLLER] mutation_broadcast id=45 diagramId=45 type=CLASS_MOVED senderId=user-editor-1
Hibernate: select d1_0.id,d1_0.content_json,d1_0.created_at,d1_0.name,d1_0.version from diagrams d1_0 where d1_0.id=?
Hibernate: select r1_0.id,r1_0.code,r1_0.created_at,r1_0.diagram_id,d1_0.id,d1_0.content_json,d1_0.created_at,d1_0.name,d1_0.version,r1_0.name from rooms r1_0 join diagrams d1_0 on d1_0.id=r1_0.diagram_id where r1_0.id=?
2026-09-21T21:04:44.390-04:00  INFO 12628 --- [boundChannel-13] c.app.controllers.DiagramWsController    : [WS_CONTROLLER] mutation_received id=45 diagramId=45 type=ATTR_ADDED senderId=user-editor-1
Hibernate: select d1_0.id,d1_0.content_json,d1_0.created_at,d1_0.name,d1_0.version from diagrams d1_0 where d1_0.id=?
Hibernate: update diagrams set content_json=?,name=?,version=? where id=?
2026-09-21T21:04:44.397-04:00  INFO 12628 --- [boundChannel-13] c.app.controllers.DiagramWsController    : [WS_CONTROLLER] mutation_broadcast id=45 diagramId=45 type=ATTR_ADDED senderId=user-editor-1
Hibernate: select d1_0.id,d1_0.content_json,d1_0.created_at,d1_0.name,d1_0.version from diagrams d1_0 where d1_0.id=?
2026-09-21T21:04:44.614-04:00  INFO 12628 --- [o-auto-1-exec-8] c.app.listener.WebSocketEventListener    : [WS_LIFECYCLE] event=DISCONNECTING sessionId=ad373953-830b-7a47-bced-0701c70e798b
]]></system-out>
  </testcase>
  <testcase name="testEndToEndTwoUsersJoinAndHostTransfer" classname="com.app.DiagramCollaborationIntegrationTest" time="0.758">
    <system-out><![CDATA[Hibernate: insert into diagrams (content_json,created_at,name,version) values (?,?,?,?) returning id
2026-09-21T21:04:44.631-04:00  INFO 12628 --- [tboundChannel-7] c.app.listener.WebSocketEventListener    : [WS_LIFECYCLE] event=CONNECTED sessionId=54e47f9a-af15-8fc1-9ca2-93eca05f920e
Hibernate: select r1_0.id,r1_0.code,r1_0.created_at,r1_0.diagram_id,d1_0.id,d1_0.content_json,d1_0.created_at,d1_0.name,d1_0.version,r1_0.name from rooms r1_0 join diagrams d1_0 on d1_0.id=r1_0.diagram_id where r1_0.id=?
2026-09-21T21:04:44.642-04:00  INFO 12628 --- [boundChannel-25] c.app.controllers.DiagramWsController    : [WS_CONTROLLER] join_request diagramId=46 actualDiagramId=46 userId=usr-1 username=Alice Host sessionId=54e47f9a-af15-8fc1-9ca2-93eca05f920e
2026-09-21T21:04:44.643-04:00  INFO 12628 --- [boundChannel-25] com.app.services.DiagramSessionService   : [COLLAB_SESSION] event=USER_JOINED diagramId=46 userId=usr-1 role=HOST totalInRoom=1
Hibernate: select d1_0.id,d1_0.content_json,d1_0.created_at,d1_0.name,d1_0.version from diagrams d1_0 where d1_0.id=?
2026-09-21T21:04:44.643-04:00  INFO 12628 --- [boundChannel-25] c.app.controllers.DiagramWsController    : [WS_CONTROLLER] dispatched=DIAGRAM_SNAPSHOT diagramId=46 userId=usr-1 classesCount=0
2026-09-21T21:04:44.852-04:00  INFO 12628 --- [tboundChannel-8] c.app.listener.WebSocketEventListener    : [WS_LIFECYCLE] event=CONNECTED sessionId=99f5b0ca-3dc9-6943-b8ac-3d48f0611751
Hibernate: select r1_0.id,r1_0.code,r1_0.created_at,r1_0.diagram_id,d1_0.id,d1_0.content_json,d1_0.created_at,d1_0.name,d1_0.version,r1_0.name from rooms r1_0 join diagrams d1_0 on d1_0.id=r1_0.diagram_id where r1_0.id=?
2026-09-21T21:04:44.860-04:00  INFO 12628 --- [nboundChannel-3] c.app.controllers.DiagramWsController    : [WS_CONTROLLER] join_request diagramId=46 actualDiagramId=46 userId=usr-2 username=Bob Collaborator sessionId=99f5b0ca-3dc9-6943-b8ac-3d48f0611751
2026-09-21T21:04:44.860-04:00  INFO 12628 --- [nboundChannel-3] com.app.services.DiagramSessionService   : [COLLAB_SESSION] event=USER_JOINED diagramId=46 userId=usr-2 role=COLLABORATOR totalInRoom=2
Hibernate: select d1_0.id,d1_0.content_json,d1_0.created_at,d1_0.name,d1_0.version from diagrams d1_0 where d1_0.id=?
2026-09-21T21:04:44.861-04:00  INFO 12628 --- [nboundChannel-3] c.app.controllers.DiagramWsController    : [WS_CONTROLLER] dispatched=DIAGRAM_SNAPSHOT diagramId=46 userId=usr-2 classesCount=0
2026-09-21T21:04:45.061-04:00  INFO 12628 --- [o-auto-1-exec-3] c.app.listener.WebSocketEventListener    : [WS_LIFECYCLE] event=DISCONNECTING sessionId=54e47f9a-af15-8fc1-9ca2-93eca05f920e
2026-09-21T21:04:45.063-04:00  INFO 12628 --- [o-auto-1-exec-3] com.app.services.DiagramSessionService   : [COLLAB_SESSION] event=HOST_TRANSFERRED diagramId=46 previousHostId=usr-1 newHostId=usr-2
2026-09-21T21:04:45.063-04:00  INFO 12628 --- [o-auto-1-exec-3] com.app.services.DiagramSessionService   : [COLLAB_SESSION] event=USER_LEFT diagramId=46 userId=usr-1 remainingInRoom=1 releasedLocksCount=0
2026-09-21T21:04:45.063-04:00  INFO 12628 --- [o-auto-1-exec-3] c.app.listener.WebSocketEventListener    : [WS_LIFECYCLE] dispatched=USER_LEFT diagramId=46 userId=usr-1
2026-09-21T21:04:45.063-04:00  INFO 12628 --- [o-auto-1-exec-3] c.app.listener.WebSocketEventListener    : [WS_LIFECYCLE] dispatched=HOST_CHANGED diagramId=46 newHostUserId=usr-2
2026-09-21T21:04:45.378-04:00  INFO 12628 --- [o-auto-1-exec-5] c.app.listener.WebSocketEventListener    : [WS_LIFECYCLE] event=DISCONNECTING sessionId=99f5b0ca-3dc9-6943-b8ac-3d48f0611751
2026-09-21T21:04:45.378-04:00  INFO 12628 --- [o-auto-1-exec-5] com.app.services.DiagramSessionService   : [COLLAB_SESSION] event=ROOM_EMPTIED diagramId=46 cleaned_up=true
2026-09-21T21:04:45.378-04:00  INFO 12628 --- [o-auto-1-exec-5] com.app.services.DiagramSessionService   : [COLLAB_SESSION] event=USER_LEFT diagramId=46 userId=usr-2 remainingInRoom=0 releasedLocksCount=0
2026-09-21T21:04:45.378-04:00  INFO 12628 --- [o-auto-1-exec-5] c.app.listener.WebSocketEventListener    : [WS_LIFECYCLE] dispatched=USER_LEFT diagramId=46 userId=usr-2
]]></system-out>
  </testcase>
</testsuite>