<?xml version="1.0" encoding="UTF-8"?>
<testsuite xmlns:xsi="http://www.w3.org/2001/XMLSchema-instance" xsi:noNamespaceSchemaLocation="https://maven.apache.org/surefire/maven-surefire-plugin/xsd/surefire-test-report-3.0.xsd" version="3.0" name="com.app.DiagramCollaborationIntegrationTest" time="7.479" tests="2" errors="0" skipped="0" failures="0">
  <properties>
[...]
</properties>
  <testcase name="testAtomicMutationsAndPersistence" classname="com.app.DiagramCollaborationIntegrationTest" time="1.106">
    <system-out><![CDATA[2026-09-22T10:20:22.068-04:00  INFO 2700 --- [           main] t.c.s.AnnotationConfigContextLoaderUtils : Could not detect default configuration classes for test class [com.app.DiagramCollaborationIntegrationTest]: DiagramCollaborationIntegrationTest does not declare any static, non-private, non-final, nested classes annotated with @Configuration.
2026-09-22T10:20:22.090-04:00  INFO 2700 --- [           main] .b.t.c.SpringBootTestContextBootstrapper : Found @SpringBootConfiguration com.app.CaseUmlStudioApplication for test class com.app.DiagramCollaborationIntegrationTest

  .   ____          _            __ _ _
 /\\ / ___'_ __ _ _(_)_ __  __ _ \ \ \ \
( ( )\___ | '_ | '_| | '_ \/ _` | \ \ \ \
 \\/  ___)| |_)| | | | | || (_| |  ) ) ) )
  '  |____| .__|_| |_|_| |_\__, | / / / /
 =========|_|==============|___/=/_/_/_/

 :: Spring Boot ::                (v3.3.3)

2026-09-22T10:20:22.145-04:00  INFO 2700 --- [           main] c.a.DiagramCollaborationIntegrationTest  : Starting DiagramCollaborationIntegrationTest using Java 17.0.16 with PID 2700 (started by HP in C:\Users\HP\Documents\parcialuno\backend)
2026-09-22T10:20:22.145-04:00  INFO 2700 --- [           main] c.a.DiagramCollaborationIntegrationTest  : No active profile set, falling back to 1 default profile: "default"
2026-09-22T10:20:22.783-04:00  INFO 2700 --- [           main] .s.d.r.c.RepositoryConfigurationDelegate : Bootstrapping Spring Data JPA repositories in DEFAULT mode.
2026-09-22T10:20:22.878-04:00  INFO 2700 --- [           main] .s.d.r.c.RepositoryConfigurationDelegate : Finished Spring Data repository scanning in 76 ms. Found 2 JPA repository interfaces.
2026-09-22T10:20:23.628-04:00  INFO 2700 --- [           main] o.s.b.w.embedded.tomcat.TomcatWebServer  : Tomcat initialized with port 0 (http)
2026-09-22T10:20:23.660-04:00  INFO 2700 --- [           main] o.apache.catalina.core.StandardService   : Starting service [Tomcat]
2026-09-22T10:20:23.660-04:00  INFO 2700 --- [           main] o.apache.catalina.core.StandardEngine    : Starting Servlet engine: [Apache Tomcat/10.1.28]
2026-09-22T10:20:23.759-04:00  INFO 2700 --- [           main] o.a.c.c.C.[Tomcat].[localhost].[/]       : Initializing Spring embedded WebApplicationContext
2026-09-22T10:20:23.759-04:00  INFO 2700 --- [           main] w.s.c.ServletWebServerApplicationContext : Root WebApplicationContext: initialization completed in 1612 ms
2026-09-22T10:20:24.005-04:00  INFO 2700 --- [           main] o.hibernate.jpa.internal.util.LogHelper  : HHH000204: Processing PersistenceUnitInfo [name: default]
2026-09-22T10:20:24.127-04:00  INFO 2700 --- [           main] org.hibernate.Version                    : HHH000412: Hibernate ORM core version 6.5.2.Final
2026-09-22T10:20:24.200-04:00  INFO 2700 --- [           main] o.h.c.internal.RegionFactoryInitiator    : HHH000026: Second-level cache disabled
2026-09-22T10:20:24.437-04:00  INFO 2700 --- [           main] o.s.o.j.p.SpringPersistenceUnitInfo      : No LoadTimeWeaver setup: ignoring JPA class transformer
2026-09-22T10:20:24.492-04:00  INFO 2700 --- [           main] com.zaxxer.hikari.HikariDataSource       : HikariPool-1 - Starting...
2026-09-22T10:20:24.833-04:00  INFO 2700 --- [           main] com.zaxxer.hikari.pool.HikariPool        : HikariPool-1 - Added connection org.postgresql.jdbc.PgConnection@3a5663ef
2026-09-22T10:20:24.838-04:00  INFO 2700 --- [           main] com.zaxxer.hikari.HikariDataSource       : HikariPool-1 - Start completed.
2026-09-22T10:20:24.904-04:00  WARN 2700 --- [           main] org.hibernate.orm.deprecation            : HHH90000025: PostgreSQLDialect does not need to be specified explicitly using 'hibernate.dialect' (remove the property setting and it will be selected by default)
2026-09-22T10:20:26.085-04:00  INFO 2700 --- [           main] o.h.e.t.j.p.i.JtaPlatformInitiator       : HHH000489: No JTA platform available (set 'hibernate.transaction.jta.platform' to enable JTA platform integration)
Hibernate: alter table if exists diagrams alter column content_json set data type TEXT
2026-09-22T10:20:26.252-04:00  INFO 2700 --- [           main] j.LocalContainerEntityManagerFactoryBean : Initialized JPA EntityManagerFactory for persistence unit 'default'
2026-09-22T10:20:26.265-04:00  INFO 2700 --- [           main] com.app.config.DatabaseMigrationConfig   : [DB_MIGRATION] Columna 'version' verificada/creada en tabla 'diagrams'
2026-09-22T10:20:27.440-04:00  INFO 2700 --- [           main] o.s.b.w.embedded.tomcat.TomcatWebServer  : Tomcat started on port 60547 (http) with context path '/'
2026-09-22T10:20:27.441-04:00  INFO 2700 --- [           main] o.s.m.s.b.SimpleBrokerMessageHandler     : Starting...
2026-09-22T10:20:27.443-04:00  INFO 2700 --- [           main] o.s.m.s.b.SimpleBrokerMessageHandler     : BrokerAvailabilityEvent[available=true, SimpleBrokerMessageHandler [org.springframework.messaging.simp.broker.DefaultSubscriptionRegistry@65653da2]]
2026-09-22T10:20:27.443-04:00  INFO 2700 --- [           main] o.s.m.s.b.SimpleBrokerMessageHandler     : Started.
2026-09-22T10:20:27.449-04:00  INFO 2700 --- [           main] c.a.DiagramCollaborationIntegrationTest  : Started DiagramCollaborationIntegrationTest in 5.349 seconds (process running for 13.977)
Hibernate: select r1_0.id from rooms r1_0 where upper(r1_0.code)=upper(?) fetch first ? rows only
2026-09-22T10:20:27.680-04:00  INFO 2700 --- [           main] com.app.config.RoomDataInitializer       : [ROOM_INITIALIZER] Sala por defecto '1234' ya existe en PostgreSQL.
Hibernate: insert into diagrams (content_json,created_at,name,version) values (?,?,?,?) returning id
2026-09-22T10:20:27.894-04:00  INFO 2700 --- [o-auto-1-exec-2] o.a.c.c.C.[Tomcat].[localhost].[/]       : Initializing Spring DispatcherServlet 'dispatcherServlet'
2026-09-22T10:20:27.894-04:00  INFO 2700 --- [o-auto-1-exec-2] o.s.web.servlet.DispatcherServlet        : Initializing Servlet 'dispatcherServlet'
2026-09-22T10:20:27.902-04:00  INFO 2700 --- [o-auto-1-exec-2] o.s.web.servlet.DispatcherServlet        : Completed initialization in 8 ms
2026-09-22T10:20:28.011-04:00  INFO 2700 --- [tboundChannel-1] c.app.listener.WebSocketEventListener    : [WS_LIFECYCLE] event=CONNECTED sessionId=0427e6e7-8959-e76e-6477-3ac04d3ddc91
Hibernate: select r1_0.id,r1_0.code,r1_0.created_at,r1_0.diagram_id,d1_0.id,d1_0.content_json,d1_0.created_at,d1_0.name,d1_0.version,r1_0.name from rooms r1_0 join diagrams d1_0 on d1_0.id=r1_0.diagram_id where r1_0.id=?
2026-09-22T10:20:28.078-04:00  INFO 2700 --- [nboundChannel-7] c.app.controllers.DiagramWsController    : [WS_CONTROLLER] mutation_received id=55 diagramId=55 type=CLASS_CREATED senderId=user-editor-1
Hibernate: select d1_0.id,d1_0.content_json,d1_0.created_at,d1_0.name,d1_0.version from diagrams d1_0 where d1_0.id=?
Hibernate: update diagrams set content_json=?,name=?,version=? where id=?
2026-09-22T10:20:28.117-04:00  INFO 2700 --- [nboundChannel-7] c.app.controllers.DiagramWsController    : [WS_CONTROLLER] mutation_broadcast id=55 diagramId=55 type=CLASS_CREATED senderId=user-editor-1
Hibernate: select d1_0.id,d1_0.content_json,d1_0.created_at,d1_0.name,d1_0.version from diagrams d1_0 where d1_0.id=?
Hibernate: select r1_0.id,r1_0.code,r1_0.created_at,r1_0.diagram_id,d1_0.id,d1_0.content_json,d1_0.created_at,d1_0.name,d1_0.version,r1_0.name from rooms r1_0 join diagrams d1_0 on d1_0.id=r1_0.diagram_id where r1_0.id=?
2026-09-22T10:20:28.338-04:00  INFO 2700 --- [boundChannel-10] c.app.controllers.DiagramWsController    : [WS_CONTROLLER] mutation_received id=55 diagramId=55 type=CLASS_MOVED senderId=user-editor-1
Hibernate: select d1_0.id,d1_0.content_json,d1_0.created_at,d1_0.name,d1_0.version from diagrams d1_0 where d1_0.id=?
Hibernate: update diagrams set content_json=?,name=?,version=? where id=?
2026-09-22T10:20:28.348-04:00  INFO 2700 --- [boundChannel-10] c.app.controllers.DiagramWsController    : [WS_CONTROLLER] mutation_broadcast id=55 diagramId=55 type=CLASS_MOVED senderId=user-editor-1
Hibernate: select d1_0.id,d1_0.content_json,d1_0.created_at,d1_0.name,d1_0.version from diagrams d1_0 where d1_0.id=?
Hibernate: select r1_0.id,r1_0.code,r1_0.created_at,r1_0.diagram_id,d1_0.id,d1_0.content_json,d1_0.created_at,d1_0.name,d1_0.version,r1_0.name from rooms r1_0 join diagrams d1_0 on d1_0.id=r1_0.diagram_id where r1_0.id=?
2026-09-22T10:20:28.565-04:00  INFO 2700 --- [boundChannel-13] c.app.controllers.DiagramWsController    : [WS_CONTROLLER] mutation_received id=55 diagramId=55 type=ATTR_ADDED senderId=user-editor-1
Hibernate: select d1_0.id,d1_0.content_json,d1_0.created_at,d1_0.name,d1_0.version from diagrams d1_0 where d1_0.id=?
Hibernate: update diagrams set content_json=?,name=?,version=? where id=?
2026-09-22T10:20:28.575-04:00  INFO 2700 --- [boundChannel-13] c.app.controllers.DiagramWsController    : [WS_CONTROLLER] mutation_broadcast id=55 diagramId=55 type=ATTR_ADDED senderId=user-editor-1
Hibernate: select d1_0.id,d1_0.content_json,d1_0.created_at,d1_0.name,d1_0.version from diagrams d1_0 where d1_0.id=?
2026-09-22T10:20:28.783-04:00  INFO 2700 --- [o-auto-1-exec-8] c.app.listener.WebSocketEventListener    : [WS_LIFECYCLE] event=DISCONNECTING sessionId=0427e6e7-8959-e76e-6477-3ac04d3ddc91
]]></system-out>
  </testcase>
  <testcase name="testEndToEndTwoUsersJoinAndHostTransfer" classname="com.app.DiagramCollaborationIntegrationTest" time="0.754">
    <system-out><![CDATA[Hibernate: insert into diagrams (content_json,created_at,name,version) values (?,?,?,?) returning id
2026-09-22T10:20:28.804-04:00  INFO 2700 --- [tboundChannel-7] c.app.listener.WebSocketEventListener    : [WS_LIFECYCLE] event=CONNECTED sessionId=7878a6f4-ed82-1435-a70f-13d8b09bac79
Hibernate: select r1_0.id,r1_0.code,r1_0.created_at,r1_0.diagram_id,d1_0.id,d1_0.content_json,d1_0.created_at,d1_0.name,d1_0.version,r1_0.name from rooms r1_0 join diagrams d1_0 on d1_0.id=r1_0.diagram_id where r1_0.id=?
2026-09-22T10:20:28.813-04:00  INFO 2700 --- [boundChannel-25] c.app.controllers.DiagramWsController    : [WS_CONTROLLER] join_request diagramId=56 actualDiagramId=56 userId=usr-1 username=Alice Host sessionId=7878a6f4-ed82-1435-a70f-13d8b09bac79
2026-09-22T10:20:28.814-04:00  INFO 2700 --- [boundChannel-25] com.app.services.DiagramSessionService   : [COLLAB_SESSION] event=USER_JOINED diagramId=56 userId=usr-1 role=HOST totalInRoom=1
Hibernate: select d1_0.id,d1_0.content_json,d1_0.created_at,d1_0.name,d1_0.version from diagrams d1_0 where d1_0.id=?
2026-09-22T10:20:28.819-04:00  INFO 2700 --- [boundChannel-25] c.app.controllers.DiagramWsController    : [WS_CONTROLLER] dispatched=DIAGRAM_SNAPSHOT diagramId=56 userId=usr-1 classesCount=0
2026-09-22T10:20:29.019-04:00  INFO 2700 --- [tboundChannel-8] c.app.listener.WebSocketEventListener    : [WS_LIFECYCLE] event=CONNECTED sessionId=696e3e21-acf9-ff51-61ef-9194a0a87dee
Hibernate: select r1_0.id,r1_0.code,r1_0.created_at,r1_0.diagram_id,d1_0.id,d1_0.content_json,d1_0.created_at,d1_0.name,d1_0.version,r1_0.name from rooms r1_0 join diagrams d1_0 on d1_0.id=r1_0.diagram_id where r1_0.id=?
2026-09-22T10:20:29.026-04:00  INFO 2700 --- [nboundChannel-3] c.app.controllers.DiagramWsController    : [WS_CONTROLLER] join_request diagramId=56 actualDiagramId=56 userId=usr-2 username=Bob Collaborator sessionId=696e3e21-acf9-ff51-61ef-9194a0a87dee
2026-09-22T10:20:29.026-04:00  INFO 2700 --- [nboundChannel-3] com.app.services.DiagramSessionService   : [COLLAB_SESSION] event=USER_JOINED diagramId=56 userId=usr-2 role=COLLABORATOR totalInRoom=2
Hibernate: select d1_0.id,d1_0.content_json,d1_0.created_at,d1_0.name,d1_0.version from diagrams d1_0 where d1_0.id=?
2026-09-22T10:20:29.030-04:00  INFO 2700 --- [nboundChannel-3] c.app.controllers.DiagramWsController    : [WS_CONTROLLER] dispatched=DIAGRAM_SNAPSHOT diagramId=56 userId=usr-2 classesCount=0
2026-09-22T10:20:29.228-04:00  INFO 2700 --- [o-auto-1-exec-5] c.app.listener.WebSocketEventListener    : [WS_LIFECYCLE] event=DISCONNECTING sessionId=7878a6f4-ed82-1435-a70f-13d8b09bac79
2026-09-22T10:20:29.229-04:00  INFO 2700 --- [o-auto-1-exec-5] com.app.services.DiagramSessionService   : [COLLAB_SESSION] event=HOST_TRANSFERRED diagramId=56 previousHostId=usr-1 newHostId=usr-2
2026-09-22T10:20:29.229-04:00  INFO 2700 --- [o-auto-1-exec-5] com.app.services.DiagramSessionService   : [COLLAB_SESSION] event=USER_LEFT diagramId=56 userId=usr-1 remainingInRoom=1 releasedLocksCount=0
2026-09-22T10:20:29.231-04:00  INFO 2700 --- [o-auto-1-exec-5] c.app.listener.WebSocketEventListener    : [WS_LIFECYCLE] dispatched=USER_LEFT diagramId=56 userId=usr-1
2026-09-22T10:20:29.232-04:00  INFO 2700 --- [o-auto-1-exec-5] c.app.listener.WebSocketEventListener    : [WS_LIFECYCLE] dispatched=HOST_CHANGED diagramId=56 newHostUserId=usr-2
2026-09-22T10:20:29.540-04:00  INFO 2700 --- [o-auto-1-exec-6] c.app.listener.WebSocketEventListener    : [WS_LIFECYCLE] event=DISCONNECTING sessionId=696e3e21-acf9-ff51-61ef-9194a0a87dee
2026-09-22T10:20:29.540-04:00  INFO 2700 --- [o-auto-1-exec-6] com.app.services.DiagramSessionService   : [COLLAB_SESSION] event=ROOM_EMPTIED diagramId=56 cleaned_up=true
2026-09-22T10:20:29.540-04:00  INFO 2700 --- [o-auto-1-exec-6] com.app.services.DiagramSessionService   : [COLLAB_SESSION] event=USER_LEFT diagramId=56 userId=usr-2 remainingInRoom=0 releasedLocksCount=0
2026-09-22T10:20:29.541-04:00  INFO 2700 --- [o-auto-1-exec-6] c.app.listener.WebSocketEventListener    : [WS_LIFECYCLE] dispatched=USER_LEFT diagramId=56 userId=usr-2
]]></system-out>
  </testcase>
</testsuite>